<testsuites id="" name="" tests="6" failures="3" skipped="0" errors="0" time="102.087947">
<testsuite name="wallet-connection.spec.ts" timestamp="2025-10-31T05:07:37.118Z" hostname="chromium" tests="6" failures="3" skipped="0" time="94.618" errors="0">
<testcase name="Wallet Connection Flow › should display connect wallet button on homepage" classname="wallet-connection.spec.ts" time="1.077">
</testcase>
<testcase name="Wallet Connection Flow › should open wallet connection modal" classname="wallet-connection.spec.ts" time="0.915">
</testcase>
<testcase name="Wallet Connection Flow › should connect wallet successfully" classname="wallet-connection.spec.ts" time="28.679">
<failure message="wallet-connection.spec.ts:78:7 should connect wallet successfully" type="FAILURE">
<![CDATA[  [chromium] › wallet-connection.spec.ts:78:7 › Wallet Connection Flow › should connect wallet successfully 

    Error: expect(locator).toBeVisible() failed

    Locator: locator('button').filter({ hasText: /0x/ }).first()
    Expected: visible
    Timeout: 10000ms
    Error: element(s) not found

    Call log:
      - Expect "toBeVisible" with timeout 10000ms
      - waiting for locator('button').filter({ hasText: /0x/ }).first()


      91 |     // Check wallet address is displayed (various formats)
      92 |     const addressDisplay = page.locator('button').filter({ hasText: /0x/ }).first();
    > 93 |     await expect(addressDisplay).toBeVisible({ timeout: 10000 });
         |                                  ^
      94 |   });
      95 |
      96 |   test('should display correct network', async ({ page }) => {
        at /Users/zhongjialiu/Desktop/KnowTon/e2e/wallet-connection.spec.ts:93:34

    attachment #1: screenshot (image/png) ──────────────────────────────────────────────────────────
    ../test-results/wallet-connection-Wallet-C-b84f6-connect-wallet-successfully-chromium/test-failed-1.png
    ────────────────────────────────────────────────────────────────────────────────────────────────

    attachment #2: video (video/webm) ──────────────────────────────────────────────────────────────
    ../test-results/wallet-connection-Wallet-C-b84f6-connect-wallet-successfully-chromium/video.webm
    ────────────────────────────────────────────────────────────────────────────────────────────────

    Error Context: ../test-results/wallet-connection-Wallet-C-b84f6-connect-wallet-successfully-chromium/error-context.md

    Retry #1 ───────────────────────────────────────────────────────────────────────────────────────

    Error: expect(locator).toBeVisible() failed

    Locator: locator('button').filter({ hasText: /0x/ }).first()
    Expected: visible
    Timeout: 10000ms
    Error: element(s) not found

    Call log:
      - Expect "toBeVisible" with timeout 10000ms
      - waiting for locator('button').filter({ hasText: /0x/ }).first()


      91 |     // Check wallet address is displayed (various formats)
      92 |     const addressDisplay = page.locator('button').filter({ hasText: /0x/ }).first();
    > 93 |     await expect(addressDisplay).toBeVisible({ timeout: 10000 });
         |                                  ^
      94 |   });
      95 |
      96 |   test('should display correct network', async ({ page }) => {
        at /Users/zhongjialiu/Desktop/KnowTon/e2e/wallet-connection.spec.ts:93:34

    attachment #1: screenshot (image/png) ──────────────────────────────────────────────────────────
    ../test-results/wallet-connection-Wallet-C-b84f6-connect-wallet-successfully-chromium-retry1/test-failed-1.png
    ────────────────────────────────────────────────────────────────────────────────────────────────

    attachment #2: video (video/webm) ──────────────────────────────────────────────────────────────
    ../test-results/wallet-connection-Wallet-C-b84f6-connect-wallet-successfully-chromium-retry1/video.webm
    ────────────────────────────────────────────────────────────────────────────────────────────────

    Error Context: ../test-results/wallet-connection-Wallet-C-b84f6-connect-wallet-successfully-chromium-retry1/error-context.md

    attachment #4: trace (application/zip) ─────────────────────────────────────────────────────────
    ../test-results/wallet-connection-Wallet-C-b84f6-connect-wallet-successfully-chromium-retry1/trace.zip
    Usage:

        npx playwright show-trace ../test-results/wallet-connection-Wallet-C-b84f6-connect-wallet-successfully-chromium-retry1/trace.zip

    ────────────────────────────────────────────────────────────────────────────────────────────────
]]>
</failure>
<system-out>
<![CDATA[
[[ATTACHMENT|wallet-connection-Wallet-C-b84f6-connect-wallet-successfully-chromium/test-failed-1.png]]

[[ATTACHMENT|wallet-connection-Wallet-C-b84f6-connect-wallet-successfully-chromium/video.webm]]

[[ATTACHMENT|wallet-connection-Wallet-C-b84f6-connect-wallet-successfully-chromium/error-context.md]]

[[ATTACHMENT|wallet-connection-Wallet-C-b84f6-connect-wallet-successfully-chromium-retry1/test-failed-1.png]]

[[ATTACHMENT|wallet-connection-Wallet-C-b84f6-connect-wallet-successfully-chromium-retry1/video.webm]]

[[ATTACHMENT|wallet-connection-Wallet-C-b84f6-connect-wallet-successfully-chromium-retry1/error-context.md]]

[[ATTACHMENT|wallet-connection-Wallet-C-b84f6-connect-wallet-successfully-chromium-retry1/trace.zip]]
]]>
</system-out>
</testcase>
<testcase name="Wallet Connection Flow › should display correct network" classname="wallet-connection.spec.ts" time="29.554">
<failure message="wallet-connection.spec.ts:96:7 should display correct network" type="FAILURE">
<![CDATA[  [chromium] › wallet-connection.spec.ts:96:7 › Wallet Connection Flow › should display correct network 

    Error: expect(locator).toBeVisible() failed

    Locator: locator('text=/Arbitrum|42161/i').first()
    Expected: visible
    Timeout: 10000ms
    Error: element(s) not found

    Call log:
      - Expect "toBeVisible" with timeout 10000ms
      - waiting for locator('text=/Arbitrum|42161/i').first()


      103 |     // Check network indicator (may be in various formats)
      104 |     const networkIndicator = page.locator('text=/Arbitrum|42161/i').first();
    > 105 |     await expect(networkIndicator).toBeVisible({ timeout: 10000 });
          |                                    ^
      106 |   });
      107 |
      108 |   test('should handle wallet disconnection', async ({ page }) => {
        at /Users/zhongjialiu/Desktop/KnowTon/e2e/wallet-connection.spec.ts:105:36

    attachment #1: screenshot (image/png) ──────────────────────────────────────────────────────────
    ../test-results/wallet-connection-Wallet-C-41ca2-uld-display-correct-network-chromium/test-failed-1.png
    ────────────────────────────────────────────────────────────────────────────────────────────────

    attachment #2: video (video/webm) ──────────────────────────────────────────────────────────────
    ../test-results/wallet-connection-Wallet-C-41ca2-uld-display-correct-network-chromium/video.webm
    ────────────────────────────────────────────────────────────────────────────────────────────────

    Error Context: ../test-results/wallet-connection-Wallet-C-41ca2-uld-display-correct-network-chromium/error-context.md

    Retry #1 ───────────────────────────────────────────────────────────────────────────────────────

    Error: expect(locator).toBeVisible() failed

    Locator: locator('text=/Arbitrum|42161/i').first()
    Expected: visible
    Timeout: 10000ms
    Error: element(s) not found

    Call log:
      - Expect "toBeVisible" with timeout 10000ms
      - waiting for locator('text=/Arbitrum|42161/i').first()


      103 |     // Check network indicator (may be in various formats)
      104 |     const networkIndicator = page.locator('text=/Arbitrum|42161/i').first();
    > 105 |     await expect(networkIndicator).toBeVisible({ timeout: 10000 });
          |                                    ^
      106 |   });
      107 |
      108 |   test('should handle wallet disconnection', async ({ page }) => {
        at /Users/zhongjialiu/Desktop/KnowTon/e2e/wallet-connection.spec.ts:105:36

    attachment #1: screenshot (image/png) ──────────────────────────────────────────────────────────
    ../test-results/wallet-connection-Wallet-C-41ca2-uld-display-correct-network-chromium-retry1/test-failed-1.png
    ────────────────────────────────────────────────────────────────────────────────────────────────

    attachment #2: video (video/webm) ──────────────────────────────────────────────────────────────
    ../test-results/wallet-connection-Wallet-C-41ca2-uld-display-correct-network-chromium-retry1/video.webm
    ────────────────────────────────────────────────────────────────────────────────────────────────

    Error Context: ../test-results/wallet-connection-Wallet-C-41ca2-uld-display-correct-network-chromium-retry1/error-context.md

    attachment #4: trace (application/zip) ─────────────────────────────────────────────────────────
    ../test-results/wallet-connection-Wallet-C-41ca2-uld-display-correct-network-chromium-retry1/trace.zip
    Usage:

        npx playwright show-trace ../test-results/wallet-connection-Wallet-C-41ca2-uld-display-correct-network-chromium-retry1/trace.zip

    ────────────────────────────────────────────────────────────────────────────────────────────────
]]>
</failure>
<system-out>
<![CDATA[
[[ATTACHMENT|wallet-connection-Wallet-C-41ca2-uld-display-correct-network-chromium/test-failed-1.png]]

[[ATTACHMENT|wallet-connection-Wallet-C-41ca2-uld-display-correct-network-chromium/video.webm]]

[[ATTACHMENT|wallet-connection-Wallet-C-41ca2-uld-display-correct-network-chromium/error-context.md]]

[[ATTACHMENT|wallet-connection-Wallet-C-41ca2-uld-display-correct-network-chromium-retry1/test-failed-1.png]]

[[ATTACHMENT|wallet-connection-Wallet-C-41ca2-uld-display-correct-network-chromium-retry1/video.webm]]

[[ATTACHMENT|wallet-connection-Wallet-C-41ca2-uld-display-correct-network-chromium-retry1/error-context.md]]

[[ATTACHMENT|wallet-connection-Wallet-C-41ca2-uld-display-correct-network-chromium-retry1/trace.zip]]
]]>
</system-out>
</testcase>
<testcase name="Wallet Connection Flow › should handle wallet disconnection" classname="wallet-connection.spec.ts" time="2.815">
</testcase>
<testcase name="Wallet Connection Flow › should persist wallet connection on page reload" classname="wallet-connection.spec.ts" time="31.578">
<failure message="wallet-connection.spec.ts:128:7 should persist wallet connection on page reload" type="FAILURE">
<![CDATA[  [chromium] › wallet-connection.spec.ts:128:7 › Wallet Connection Flow › should persist wallet connection on page reload 

    Error: expect(locator).toBeVisible() failed

    Locator: locator('button').filter({ hasText: /0x/ }).first()
    Expected: visible
    Timeout: 10000ms
    Error: element(s) not found

    Call log:
      - Expect "toBeVisible" with timeout 10000ms
      - waiting for locator('button').filter({ hasText: /0x/ }).first()


      139 |     // Check wallet is still connected
      140 |     const addressDisplay = page.locator('button').filter({ hasText: /0x/ }).first();
    > 141 |     await expect(addressDisplay).toBeVisible({ timeout: 10000 });
          |                                  ^
      142 |   });
      143 | });
      144 |
        at /Users/zhongjialiu/Desktop/KnowTon/e2e/wallet-connection.spec.ts:141:34

    attachment #1: screenshot (image/png) ──────────────────────────────────────────────────────────
    ../test-results/wallet-connection-Wallet-C-2d051-t-connection-on-page-reload-chromium/test-failed-1.png
    ────────────────────────────────────────────────────────────────────────────────────────────────

    attachment #2: video (video/webm) ──────────────────────────────────────────────────────────────
    ../test-results/wallet-connection-Wallet-C-2d051-t-connection-on-page-reload-chromium/video.webm
    ────────────────────────────────────────────────────────────────────────────────────────────────

    Error Context: ../test-results/wallet-connection-Wallet-C-2d051-t-connection-on-page-reload-chromium/error-context.md

    Retry #1 ───────────────────────────────────────────────────────────────────────────────────────

    Error: expect(locator).toBeVisible() failed

    Locator: locator('button').filter({ hasText: /0x/ }).first()
    Expected: visible
    Timeout: 10000ms
    Error: element(s) not found

    Call log:
      - Expect "toBeVisible" with timeout 10000ms
      - waiting for locator('button').filter({ hasText: /0x/ }).first()


      139 |     // Check wallet is still connected
      140 |     const addressDisplay = page.locator('button').filter({ hasText: /0x/ }).first();
    > 141 |     await expect(addressDisplay).toBeVisible({ timeout: 10000 });
          |                                  ^
      142 |   });
      143 | });
      144 |
        at /Users/zhongjialiu/Desktop/KnowTon/e2e/wallet-connection.spec.ts:141:34

    attachment #1: screenshot (image/png) ──────────────────────────────────────────────────────────
    ../test-results/wallet-connection-Wallet-C-2d051-t-connection-on-page-reload-chromium-retry1/test-failed-1.png
    ────────────────────────────────────────────────────────────────────────────────────────────────

    attachment #2: video (video/webm) ──────────────────────────────────────────────────────────────
    ../test-results/wallet-connection-Wallet-C-2d051-t-connection-on-page-reload-chromium-retry1/video.webm
    ────────────────────────────────────────────────────────────────────────────────────────────────

    Error Context: ../test-results/wallet-connection-Wallet-C-2d051-t-connection-on-page-reload-chromium-retry1/error-context.md

    attachment #4: trace (application/zip) ─────────────────────────────────────────────────────────
    ../test-results/wallet-connection-Wallet-C-2d051-t-connection-on-page-reload-chromium-retry1/trace.zip
    Usage:

        npx playwright show-trace ../test-results/wallet-connection-Wallet-C-2d051-t-connection-on-page-reload-chromium-retry1/trace.zip

    ────────────────────────────────────────────────────────────────────────────────────────────────
]]>
</failure>
<system-out>
<![CDATA[
[[ATTACHMENT|wallet-connection-Wallet-C-2d051-t-connection-on-page-reload-chromium/test-failed-1.png]]

[[ATTACHMENT|wallet-connection-Wallet-C-2d051-t-connection-on-page-reload-chromium/video.webm]]

[[ATTACHMENT|wallet-connection-Wallet-C-2d051-t-connection-on-page-reload-chromium/error-context.md]]

[[ATTACHMENT|wallet-connection-Wallet-C-2d051-t-connection-on-page-reload-chromium-retry1/test-failed-1.png]]

[[ATTACHMENT|wallet-connection-Wallet-C-2d051-t-connection-on-page-reload-chromium-retry1/video.webm]]

[[ATTACHMENT|wallet-connection-Wallet-C-2d051-t-connection-on-page-reload-chromium-retry1/error-context.md]]

[[ATTACHMENT|wallet-connection-Wallet-C-2d051-t-connection-on-page-reload-chromium-retry1/trace.zip]]
]]>
</system-out>
</testcase>
</testsuite>
</testsuites>